<?xml version="1.0" encoding="UTF-8"?>
<!-- Generated by org.testng.reporters.JUnitReportReporter -->
<testsuite name="configAnnotations.TC_DWC_006" tests="3" time="23.745" ignored="0" failures="0" timestamp="20 Sep 2023 10:12:11 GMT" skipped="0" hostname="Pradip-Laptop" errors="0">
  <testcase name="clickApparelAndShoes" time="8.067" classname="configAnnotations.TC_DWC_006"/>
  <testcase name="clickApparelAndShoes" time="8.137" classname="configAnnotations.TC_DWC_006"/>
  <testcase name="clickApparelAndShoes" time="7.541" classname="configAnnotations.TC_DWC_006"/>
</testsuite> <!-- configAnnotations.TC_DWC_006 -->
