<?xml version="1.0" encoding="UTF-8"?>
<!-- Generated by org.testng.reporters.JUnitReportReporter -->
<testsuite name="configAnnotations.TC_DWC_005" tests="3" time="23.890" ignored="0" failures="0" timestamp="20 Sep 2023 10:12:11 GMT" skipped="0" hostname="Pradip-Laptop" errors="0">
  <testcase name="clickGiftCards" time="7.987" classname="configAnnotations.TC_DWC_005"/>
  <testcase name="clickGiftCards" time="7.809" classname="configAnnotations.TC_DWC_005"/>
  <testcase name="clickGiftCards" time="8.094" classname="configAnnotations.TC_DWC_005"/>
</testsuite> <!-- configAnnotations.TC_DWC_005 -->
