<?xml version="1.0" encoding="UTF-8"?>
<!-- Generated by org.testng.reporters.JUnitReportReporter -->
<testsuite name="testScripts.TC_JDSports_04" tests="1" time="13.744" ignored="0" failures="0" timestamp="19 Sep 2023 17:48:48 GMT" skipped="0" hostname="Pradip-Laptop" errors="0">
  <testcase name="OpeningJDSports" time="13.744" classname="testScripts.TC_JDSports_04"/>
</testsuite> <!-- testScripts.TC_JDSports_04 -->
