<?xml version="1.0" encoding="UTF-8"?>
<!-- Generated by org.testng.reporters.JUnitReportReporter -->
<testsuite name="testng.testScript01" tests="1" time="10.704" ignored="0" failures="0" timestamp="20 Sep 2023 18:45:19 GMT" skipped="0" hostname="Pradip-Laptop" errors="0">
  <testcase name="readTestData1" time="10.704" classname="testng.testScript01"/>
</testsuite> <!-- testng.testScript01 -->
