<?xml version="1.0" encoding="UTF-8"?>
<!-- Generated by org.testng.reporters.JUnitReportReporter -->
<testsuite name="configAnnotations.ToUnderstandExecutionOrder" tests="2" time="0.014" ignored="0" failures="0" timestamp="15 Sep 2023 17:16:51 GMT" skipped="0" hostname="Pradip-Laptop" errors="0">
  <testcase name="modifyAccount" time="0.005" classname="configAnnotations.ToUnderstandExecutionOrder"/>
  <testcase name="createAccount" time="0.009" classname="configAnnotations.ToUnderstandExecutionOrder"/>
</testsuite> <!-- configAnnotations.ToUnderstandExecutionOrder -->
