<?xml version="1.0" encoding="UTF-8"?>
<!-- Generated by org.testng.reporters.JUnitReportReporter -->
<testsuite name="configAnnotations.TC_AddProductCart" tests="1" time="13.349" ignored="0" failures="0" timestamp="18 Sep 2023 11:24:45 GMT" skipped="0" hostname="Pradip-Laptop" errors="0">
  <testcase name="add" time="13.349" classname="configAnnotations.TC_AddProductCart"/>
</testsuite> <!-- configAnnotations.TC_AddProductCart -->
