<?xml version="1.0" encoding="UTF-8"?>
<!-- Generated by org.testng.reporters.JUnitReportReporter -->
<testsuite name="configAnnotations.TC_DWC_007" tests="3" time="23.305" ignored="0" failures="0" timestamp="20 Sep 2023 10:12:11 GMT" skipped="0" hostname="Pradip-Laptop" errors="0">
  <testcase name="clickDigitalDownloads" time="8.211" classname="configAnnotations.TC_DWC_007"/>
  <testcase name="clickDigitalDownloads" time="7.658" classname="configAnnotations.TC_DWC_007"/>
  <testcase name="clickDigitalDownloads" time="7.436" classname="configAnnotations.TC_DWC_007"/>
</testsuite> <!-- configAnnotations.TC_DWC_007 -->
