<?xml version="1.0" encoding="UTF-8"?>
<!-- Generated by org.testng.reporters.JUnitReportReporter -->
<testsuite name="testScripts.TC_MandS_03" tests="1" time="21.029" ignored="0" failures="0" timestamp="19 Sep 2023 17:48:48 GMT" skipped="0" hostname="Pradip-Laptop" errors="0">
  <testcase name="OpeningMarksAndSpencer" time="21.029" classname="testScripts.TC_MandS_03"/>
</testsuite> <!-- testScripts.TC_MandS_03 -->
