<?xml version="1.0" encoding="UTF-8"?>
<!-- Generated by org.testng.reporters.JUnitReportReporter -->
<testsuite name="readData.Login" tests="10" time="63.556" ignored="0" failures="0" timestamp="01 Oct 2023 19:32:56 GMT" skipped="0" hostname="Pradip-Laptop" errors="0">
  <testcase name="loginWithCred" time="7.636" classname="readData.Login"/>
  <testcase name="loginWithCred" time="6.009" classname="readData.Login"/>
  <testcase name="loginWithCred" time="6.364" classname="readData.Login"/>
  <testcase name="loginWithCred" time="6.391" classname="readData.Login"/>
  <testcase name="loginWithCred" time="6.192" classname="readData.Login"/>
  <testcase name="loginWithCred" time="5.582" classname="readData.Login"/>
  <testcase name="loginWithCred" time="6.595" classname="readData.Login"/>
  <testcase name="loginWithCred" time="6.945" classname="readData.Login"/>
  <testcase name="loginWithCred" time="6.600" classname="readData.Login"/>
  <testcase name="loginWithCred" time="5.242" classname="readData.Login"/>
</testsuite> <!-- readData.Login -->
