<?xml version="1.0" encoding="UTF-8"?>
<!-- Generated by org.testng.reporters.JUnitReportReporter -->
<testsuite name="configAnnotations.TC_DWS_002" tests="3" time="23.842" ignored="0" failures="0" timestamp="20 Sep 2023 10:12:11 GMT" skipped="0" hostname="Pradip-Laptop" errors="0">
  <testcase name="clickBooks" time="8.113" classname="configAnnotations.TC_DWS_002"/>
  <testcase name="clickBooks" time="7.923" classname="configAnnotations.TC_DWS_002"/>
  <testcase name="clickBooks" time="7.806" classname="configAnnotations.TC_DWS_002"/>
</testsuite> <!-- configAnnotations.TC_DWS_002 -->
