<?xml version="1.0" encoding="UTF-8"?>
<!-- Generated by org.testng.reporters.JUnitReportReporter -->
<testsuite name="testScripts.TC_Ikea_05" tests="1" time="17.785" ignored="0" failures="0" timestamp="19 Sep 2023 17:48:48 GMT" skipped="0" hostname="Pradip-Laptop" errors="0">
  <testcase name="OpeningIkea" time="17.785" classname="testScripts.TC_Ikea_05"/>
</testsuite> <!-- testScripts.TC_Ikea_05 -->
