<?xml version="1.0" encoding="UTF-8"?>
<!-- Generated by org.testng.reporters.JUnitReportReporter -->
<testsuite name="readData.LoginActitime" tests="10" time="75.069" ignored="0" failures="0" timestamp="01 Oct 2023 19:29:26 GMT" skipped="0" hostname="Pradip-Laptop" errors="0">
  <testcase name="login" time="7.364" classname="readData.LoginActitime"/>
  <testcase name="login" time="7.296" classname="readData.LoginActitime"/>
  <testcase name="login" time="8.758" classname="readData.LoginActitime"/>
  <testcase name="login" time="7.210" classname="readData.LoginActitime"/>
  <testcase name="login" time="7.132" classname="readData.LoginActitime"/>
  <testcase name="login" time="8.249" classname="readData.LoginActitime"/>
  <testcase name="login" time="7.306" classname="readData.LoginActitime"/>
  <testcase name="login" time="7.207" classname="readData.LoginActitime"/>
  <testcase name="login" time="7.171" classname="readData.LoginActitime"/>
  <testcase name="login" time="7.376" classname="readData.LoginActitime"/>
</testsuite> <!-- readData.LoginActitime -->
