<?xml version="1.0" encoding="UTF-8"?>
<!-- Generated by org.testng.reporters.JUnitReportReporter -->
<testsuite name="configAnnotations.TC_DWC_004" tests="3" time="23.006" ignored="0" failures="0" timestamp="20 Sep 2023 10:12:11 GMT" skipped="0" hostname="Pradip-Laptop" errors="0">
  <testcase name="clickElectronics" time="7.319" classname="configAnnotations.TC_DWC_004"/>
  <testcase name="clickElectronics" time="7.956" classname="configAnnotations.TC_DWC_004"/>
  <testcase name="clickElectronics" time="7.731" classname="configAnnotations.TC_DWC_004"/>
</testsuite> <!-- configAnnotations.TC_DWC_004 -->
