<?xml version="1.0" encoding="UTF-8"?>
<!-- Generated by org.testng.reporters.JUnitReportReporter -->
<testsuite name="configAnnotations.TC_DWS_003" tests="3" time="23.682" ignored="0" failures="0" timestamp="20 Sep 2023 10:12:11 GMT" skipped="0" hostname="Pradip-Laptop" errors="0">
  <testcase name="clickComputers" time="7.469" classname="configAnnotations.TC_DWS_003"/>
  <testcase name="clickComputers" time="8.058" classname="configAnnotations.TC_DWS_003"/>
  <testcase name="clickComputers" time="8.155" classname="configAnnotations.TC_DWS_003"/>
</testsuite> <!-- configAnnotations.TC_DWS_003 -->
