<?xml version="1.0" encoding="UTF-8"?>
<!-- Generated by org.testng.reporters.JUnitReportReporter -->
<testsuite name="testng.TestScript1" tests="1" time="6.620" ignored="0" failures="0" timestamp="20 Sep 2023 18:29:01 GMT" skipped="0" hostname="Pradip-Laptop" errors="0">
  <testcase name="readTestData" time="6.620" classname="testng.TestScript1"/>
</testsuite> <!-- testng.TestScript1 -->
