<?xml version="1.0" encoding="UTF-8"?>
<!-- Generated by org.testng.reporters.JUnitReportReporter -->
<testsuite name="configAnnotations.TC_DWS_001" tests="3" time="24.517" ignored="0" failures="0" timestamp="20 Sep 2023 10:12:11 GMT" skipped="0" hostname="Pradip-Laptop" errors="0">
  <testcase name="clickJewelry" time="7.894" classname="configAnnotations.TC_DWS_001"/>
  <testcase name="clickJewelry" time="8.367" classname="configAnnotations.TC_DWS_001"/>
  <testcase name="clickJewelry" time="8.256" classname="configAnnotations.TC_DWS_001"/>
</testsuite> <!-- configAnnotations.TC_DWS_001 -->
